src/mmatrix.hpp:284:9: note: loop vectorized
src/mmatrix.hpp:284:9: note: loop versioned for vectorization because of possible aliasing
src/mmatrix.hpp:284:9: note: loop peeled for vectorization to enhance alignment
src/mmatrix.hpp:284:9: note: loop turned into non-loop; it never loops.
src/mmatrix.hpp:284:9: note: loop with 3 iterations completely unrolled
src/mmatrix.hpp:274:13: note: loop turned into non-loop; it never loops.
src/mmatrix.hpp:274:13: note: loop with 3 iterations completely unrolled
/usr/include/c++/5/bits/stl_algobase.h:711:7: note: loop vectorized
/usr/include/c++/5/bits/stl_algobase.h:711:7: note: loop peeled for vectorization to enhance alignment
/usr/include/c++/5/bits/stl_algobase.h:711:7: note: loop vectorized
/usr/include/c++/5/bits/stl_algobase.h:711:7: note: loop peeled for vectorization to enhance alignment
/usr/include/c++/5/bits/stl_algobase.h:768:7: note: loop vectorized
/usr/include/c++/5/bits/stl_algobase.h:768:7: note: loop peeled for vectorization to enhance alignment
/usr/include/c++/5/bits/stl_algobase.h:768:7: note: loop vectorized
/usr/include/c++/5/bits/stl_algobase.h:768:7: note: loop peeled for vectorization to enhance alignment
/usr/include/c++/5/bits/stl_algobase.h:711:7: note: loop turned into non-loop; it never loops.
/usr/include/c++/5/bits/stl_algobase.h:711:7: note: loop with 3 iterations completely unrolled
/usr/include/c++/5/bits/vector.tcc:449:5: note: loop turned into non-loop; it never loops.
/usr/include/c++/5/bits/vector.tcc:449:5: note: loop with 6 iterations completely unrolled
/usr/include/c++/5/bits/stl_algobase.h:711:7: note: loop turned into non-loop; it never loops.
/usr/include/c++/5/bits/stl_algobase.h:711:7: note: loop with 3 iterations completely unrolled
/usr/include/c++/5/bits/vector.tcc:449:5: note: loop turned into non-loop; it never loops.
/usr/include/c++/5/bits/vector.tcc:449:5: note: loop with 6 iterations completely unrolled
/usr/include/c++/5/bits/stl_algobase.h:768:7: note: loop turned into non-loop; it never loops.
/usr/include/c++/5/bits/stl_algobase.h:768:7: note: loop with 3 iterations completely unrolled
/usr/include/c++/5/bits/vector.tcc:449:5: note: loop turned into non-loop; it never loops.
/usr/include/c++/5/bits/vector.tcc:449:5: note: loop with 6 iterations completely unrolled
/usr/include/c++/5/bits/stl_algobase.h:768:7: note: loop turned into non-loop; it never loops.
/usr/include/c++/5/bits/stl_algobase.h:768:7: note: loop with 3 iterations completely unrolled
/usr/include/c++/5/bits/vector.tcc:449:5: note: loop turned into non-loop; it never loops.
/usr/include/c++/5/bits/vector.tcc:449:5: note: loop with 6 iterations completely unrolled
src/mmatrix.hpp:326:9: note: loop vectorized
src/mmatrix.hpp:326:9: note: loop versioned for vectorization because of possible aliasing
src/mmatrix.hpp:326:9: note: loop peeled for vectorization to enhance alignment
src/mmatrix.hpp:326:9: note: loop turned into non-loop; it never loops.
src/mmatrix.hpp:326:9: note: loop with 3 iterations completely unrolled
src/mmatrix.hpp:316:13: note: loop turned into non-loop; it never loops.
src/mmatrix.hpp:316:13: note: loop with 3 iterations completely unrolled
/usr/include/c++/5/bits/stl_algobase.h:768:7: note: Loop 5 distributed: split to 0 loops and 1 library calls.
/usr/include/c++/5/bits/stl_algobase.h:768:7: note: Loop 4 distributed: split to 0 loops and 1 library calls.
/usr/include/c++/5/bits/stl_algobase.h:768:7: note: Loop 4 distributed: split to 0 loops and 1 library calls.
src/mmatrix.hpp:593:9: note: loop vectorized
src/mmatrix.hpp:593:9: note: loop versioned for vectorization because of possible aliasing
src/mmatrix.hpp:593:9: note: loop peeled for vectorization to enhance alignment
src/mmatrix.hpp:593:9: note: loop vectorized
src/mmatrix.hpp:593:9: note: loop versioned for vectorization because of possible aliasing
src/mmatrix.hpp:593:9: note: loop peeled for vectorization to enhance alignment
src/mmatrix.hpp:593:9: note: loop turned into non-loop; it never loops.
src/mmatrix.hpp:593:9: note: loop with 3 iterations completely unrolled
src/mmatrix.hpp:762:12: note: loop turned into non-loop; it never loops.
src/mmatrix.hpp:762:12: note: loop with 3 iterations completely unrolled
src/mmatrix.hpp:593:9: note: loop turned into non-loop; it never loops.
src/mmatrix.hpp:593:9: note: loop with 3 iterations completely unrolled
src/mmatrix.hpp:762:12: note: loop turned into non-loop; it never loops.
src/mmatrix.hpp:762:12: note: loop with 3 iterations completely unrolled
